The system is: Windows - 10.0.22000 - AMD64
Compiling the C compiler identification source file "CMakeCCompilerId.c" succeeded.
Compiler: C:/Program Files (x86)/Microsoft Visual Studio/2019/Community/VC/Tools/MSVC/14.29.30133/bin/Hostx64/x64/cl.exe 
Build flags: 
Id flags:  

The output was:
0
Оптимизирующий компилятор Microsoft (R) C/C++ версии 19.29.30140 для x64
(C) Корпорация Майкрософт (Microsoft Corporation).  Все права защищены.

CMakeCCompilerId.c
Microsoft (R) Incremental Linker Version 14.29.30140.0
Copyright (C) Microsoft Corporation.  All rights reserved.

/out:CMakeCCompilerId.exe 
CMakeCCompilerId.obj 


Compilation of the C compiler identification source "CMakeCCompilerId.c" produced "CMakeCCompilerId.exe"

Compilation of the C compiler identification source "CMakeCCompilerId.c" produced "CMakeCCompilerId.obj"

The C compiler identification is MSVC, found in "C:/Users/Richard/CLionProjects/mv_02/cmake-build-release/CMakeFiles/3.22.3/CompilerIdC/CMakeCCompilerId.exe"

Compiling the CXX compiler identification source file "CMakeCXXCompilerId.cpp" succeeded.
Compiler: C:/Program Files (x86)/Microsoft Visual Studio/2019/Community/VC/Tools/MSVC/14.29.30133/bin/Hostx64/x64/cl.exe 
Build flags: 
Id flags:  

The output was:
0
Оптимизирующий компилятор Microsoft (R) C/C++ версии 19.29.30140 для x64
(C) Корпорация Майкрософт (Microsoft Corporation).  Все права защищены.

CMakeCXXCompilerId.cpp
Microsoft (R) Incremental Linker Version 14.29.30140.0
Copyright (C) Microsoft Corporation.  All rights reserved.

/out:CMakeCXXCompilerId.exe 
CMakeCXXCompilerId.obj 


Compilation of the CXX compiler identification source "CMakeCXXCompilerId.cpp" produced "CMakeCXXCompilerId.exe"

Compilation of the CXX compiler identification source "CMakeCXXCompilerId.cpp" produced "CMakeCXXCompilerId.obj"

The CXX compiler identification is MSVC, found in "C:/Users/Richard/CLionProjects/mv_02/cmake-build-release/CMakeFiles/3.22.3/CompilerIdCXX/CMakeCXXCompilerId.exe"

Detecting C compiler ABI info compiled with the following output:
Change Dir: C:/Users/Richard/CLionProjects/mv_02/cmake-build-release/CMakeFiles/CMakeTmp

Run Build Command(s):C:/Program Files/JetBrains/CLion 2021.2.3/bin/ninja/win/ninja.exe cmTC_e6add && [1/2] Building C object CMakeFiles\cmTC_e6add.dir\CMakeCCompilerABI.c.obj
Примечание: включение файла:  C:\Program Files\JetBrains\CLion 2021.2.3\bin\cmake\win\share\cmake-3.22\Modules\CMakeCompilerABI.h
[2/2] Linking C executable cmTC_e6add.exe



Detecting CXX compiler ABI info compiled with the following output:
Change Dir: C:/Users/Richard/CLionProjects/mv_02/cmake-build-release/CMakeFiles/CMakeTmp

Run Build Command(s):C:/Program Files/JetBrains/CLion 2021.2.3/bin/ninja/win/ninja.exe cmTC_982ac && [1/2] Building CXX object CMakeFiles\cmTC_982ac.dir\CMakeCXXCompilerABI.cpp.obj
Примечание: включение файла:  C:\Program Files\JetBrains\CLion 2021.2.3\bin\cmake\win\share\cmake-3.22\Modules\CMakeCompilerABI.h
[2/2] Linking CXX executable cmTC_982ac.exe



